<?xml version="1.0" encoding="UTF-8"?>
<!-- Generated by org.testng.reporters.JUnitReportReporter -->
<testsuite hostname="Pradeep-SS195" failures="0" tests="1" name="com.cucumber.TestRunner.InsistuteRunner" time="89.445" errors="0" timestamp="2024-05-21T10:12:05 IST" skipped="0">
  <testcase classname="com.cucumber.TestRunner.InsistuteRunner" name="runScenario" time="89.445"/>
  <system-out>
    <![CDATA[About to begin executing following method : AbstractTestNGCucumberTests.runScenario
Completed executing following method : AbstractTestNGCucumberTests.runScenario
Test Method resides in com.cucumber.TestRunner.InsistuteRunner
Test Method had the following parameters : null"Verify the Filter Criteria in Course Template","Administrator - Course Management.",
Test Status: Pass]]>
  </system-out>
</testsuite> <!-- com.cucumber.TestRunner.InsistuteRunner -->
