<?xml version="1.0" encoding="UTF-8"?>
<!-- Generated by org.testng.reporters.JUnitReportReporter -->
<testsuite hostname="Pradeep-SS195" failures="0" tests="2" name="com.cucumber.TestRunner.InsistuteRunner" time="1374.087" errors="0" timestamp="2024-05-16T15:16:08 IST" skipped="0">
  <testcase classname="com.cucumber.TestRunner.InsistuteRunner" name="runScenario" time="1272.619"/>
  <system-out>
    <![CDATA[About to begin executing following method : AbstractTestNGCucumberTests.runScenario
Completed executing following method : AbstractTestNGCucumberTests.runScenario
Test Method resides in com.cucumber.TestRunner.InsistuteRunner
Test Method had the following parameters : null"Verify the Filter Criteria in Course Template","Administrator - Course Management.",
Test Status: Pass]]>
  </system-out>
  <testcase classname="com.cucumber.TestRunner.InsistuteRunner" name="runScenario" time="101.468"/>
  <system-out>
    <![CDATA[About to begin executing following method : AbstractTestNGCucumberTests.runScenario
Completed executing following method : AbstractTestNGCucumberTests.runScenario
Test Method resides in com.cucumber.TestRunner.InsistuteRunner
Test Method had the following parameters : null"Verify the Filter Criteria in Course Template","Administrator - Course Management.",
Test Status: Pass]]>
  </system-out>
</testsuite> <!-- com.cucumber.TestRunner.InsistuteRunner -->
