<?xml version="1.0" encoding="UTF-8"?>
<!-- Generated by org.testng.reporters.JUnitReportReporter -->
<testsuite hostname="Pradeep-SS195" failures="0" tests="1" name="com.cucumber.TestRunner.InsistuteRunner" time="20.890" errors="0" timestamp="2024-05-08T14:13:48 IST" skipped="0">
  <testcase classname="com.cucumber.TestRunner.InsistuteRunner" name="runScenario" time="20.890"/>
  <system-out>
    <![CDATA[About to begin executing following method : AbstractTestNGCucumberTests.runScenario
Completed executing following method : AbstractTestNGCucumberTests.runScenario
Test Method resides in com.cucumber.TestRunner.InsistuteRunner
Test Method had the following parameters : null"Validate the insistute as InActive","Administrator - Institutions Management.",
Test Status: Pass]]>
  </system-out>
</testsuite> <!-- com.cucumber.TestRunner.InsistuteRunner -->
