<?xml version="1.0" encoding="UTF-8"?>
<!-- Generated by org.testng.reporters.JUnitReportReporter -->
<testsuite hostname="Pradeep-SS195" failures="0" tests="2" name="com.cucumber.TestRunner.InsistuteRunner" time="53.131" errors="0" timestamp="6 May 2024 05:02:33 GMT">
  <testcase classname="com.cucumber.TestRunner.InsistuteRunner" name="runScenario" time="40.396"/>
  <testcase classname="com.cucumber.TestRunner.InsistuteRunner" name="runScenario" time="12.735"/>
</testsuite> <!-- com.cucumber.TestRunner.InsistuteRunner -->
