<?xml version="1.0" encoding="UTF-8"?>
<!-- Generated by org.testng.reporters.JUnitReportReporter -->
<testsuite hostname="Pradeep-SS195" failures="0" tests="1" name="com.cucumber.TestRunner.InsistuteRunner" time="23.794" errors="0" timestamp="9 May 2024 09:23:50 GMT">
  <testcase classname="com.cucumber.TestRunner.InsistuteRunner" name="runScenario" time="23.794"/>
</testsuite> <!-- com.cucumber.TestRunner.InsistuteRunner -->
