<?xml version="1.0" encoding="UTF-8"?>
<!-- Generated by org.testng.reporters.JUnitReportReporter -->
<testsuite hostname="Pradeep-SS195" failures="0" tests="3" name="com.cucumber.TestRunner.InsistuteRunner" time="78.366" errors="0" timestamp="7 May 2024 06:36:43 GMT">
  <testcase classname="com.cucumber.TestRunner.InsistuteRunner" name="runScenario" time="16.616"/>
  <testcase classname="com.cucumber.TestRunner.InsistuteRunner" name="runScenario" time="15.625"/>
  <testcase classname="com.cucumber.TestRunner.InsistuteRunner" name="runScenario" time="46.125"/>
</testsuite> <!-- com.cucumber.TestRunner.InsistuteRunner -->
